<?xml version="1.0" encoding="UTF-8"?>
<!-- Generated by org.testng.reporters.JUnitXMLReporter -->
<testsuite hostname="DESKTOP-KT2J2VU" name="Audit tests" tests="5" failures="0" timestamp="3 Apr 2016 20:43:11 GMT" time="239.739" errors="0">
  <testcase name="reportShouldContainsStatistic" time="13.52" classname="com.semrush.pages.AuditTests"/>
  <testcase name="setCustomPagesCrawled_shouldCrawlCustomNumberOfPages" time="13.648" classname="com.semrush.pages.AuditTests"/>
  <testcase name="setMasksForDisallowAndRemoveParameters_shouldNotBePresentInReport" time="76.337" classname="com.semrush.pages.AuditTests"/>
  <testcase name="setMasksForDisallowUrls_shouldNotBePresentInReport" time="48.071" classname="com.semrush.pages.AuditTests"/>
  <testcase name="setRemoveParametersUrls_shouldNotBePresentInReport" time="45.246" classname="com.semrush.pages.AuditTests"/>
</testsuite> <!-- Audit tests -->
