<?xml version="1.0" encoding="UTF-8"?>
<!-- Generated by org.testng.reporters.JUnitXMLReporter -->
<testsuite hostname="DESKTOP-KT2J2VU" name="Audit tests" tests="5" failures="0" timestamp="4 Apr 2016 12:15:20 GMT" time="267.065" errors="0">
  <testcase name="reportShouldContainsStatistic" time="15.782" classname="com.semrush.pages.AuditTests"/>
  <testcase name="setCustomPagesCrawled_shouldCrawlCustomNumberOfPages" time="13.657" classname="com.semrush.pages.AuditTests"/>
  <testcase name="setMasksForDisallowAndRemoveParameters_shouldNotBePresentInReport" time="77.419" classname="com.semrush.pages.AuditTests"/>
  <testcase name="setMasksForDisallowUrls_shouldNotBePresentInReport" time="65.273" classname="com.semrush.pages.AuditTests"/>
  <testcase name="setRemoveParametersUrls_shouldNotBePresentInReport" time="47.348" classname="com.semrush.pages.AuditTests"/>
</testsuite> <!-- Audit tests -->
