<?xml version="1.0" encoding="UTF-8"?>
<!-- Generated by org.testng.reporters.JUnitXMLReporter -->
<testsuite hostname="DESKTOP-KT2J2VU" name="Create project tests" tests="2" failures="0" timestamp="3 Apr 2016 20:39:11 GMT" time="25.718" errors="0">
  <testcase name="correctProjectName_ProjectHasCreated" time="7.378" classname="com.semrush.pages.CreateProjectTests"/>
  <testcase name="incorrectProjectDomain_ErrorMessageIsDisplayed" time="3.387" classname="com.semrush.pages.CreateProjectTests"/>
</testsuite> <!-- Create project tests -->
