<?xml version="1.0" encoding="UTF-8"?>
<!-- Generated by org.testng.reporters.JUnitXMLReporter -->
<testsuite hostname="DESKTOP-KT2J2VU" name="Create project tests" tests="2" failures="0" timestamp="4 Apr 2016 12:10:53 GMT" time="53.738" errors="0">
  <testcase name="correctProjectName_ProjectHasCreated" time="5.389" classname="com.semrush.pages.CreateProjectTests"/>
  <testcase name="incorrectProjectDomain_ErrorMessageIsDisplayed" time="2.625" classname="com.semrush.pages.CreateProjectTests"/>
</testsuite> <!-- Create project tests -->
