<?xml version="1.0" encoding="UTF-8"?>
<!-- Generated by org.testng.reporters.JUnitXMLReporter -->
<testsuite hostname="DESKTOP-KT2J2VU" name="Login tests" tests="2" failures="0" timestamp="4 Apr 2016 11:39:40 GMT" time="25.43" errors="0">
  <testcase name="correctEmailAndPassword_LoginSuccessful" time="3.912" classname="com.semrush.pages.LoginTests"/>
  <testcase name="incorrectPassword_ErrorMessageIsDisplayed" time="0.842" classname="com.semrush.pages.LoginTests"/>
</testsuite> <!-- Login tests -->
