<?xml version="1.0" encoding="UTF-8"?>
<!-- Generated by org.testng.reporters.JUnitXMLReporter -->
<testsuite hostname="DESKTOP-KT2J2VU" name="Login tests" tests="2" failures="0" timestamp="4 Apr 2016 12:10:00 GMT" time="25.891" errors="0">
  <testcase name="correctEmailAndPassword_LoginSuccessful" time="3.037" classname="com.semrush.pages.LoginTests"/>
  <testcase name="incorrectPassword_ErrorMessageIsDisplayed" time="1.051" classname="com.semrush.pages.LoginTests"/>
</testsuite> <!-- Login tests -->
