<?xml version="1.0" encoding="UTF-8"?>
<testsuite name="TestSuite" time="52.893" tests="19" errors="0" skipped="13" failures="1">
  <properties>
[...]
</properties>
  <testcase name="correctEmailAndPassword_LoginSuccessful" classname="com.semrush.pages.LoginTests" time="4.586"/>
  <testcase name="incorrectPassword_ErrorMessageIsDisplayed" classname="com.semrush.pages.LoginTests" time="0.747"/>
  <testcase name="correctProjectName_ProjectHasCreated" classname="com.semrush.pages.CreateProjectTests" time="5.994"/>
  <testcase name="incorrectProjectDomain_ErrorMessageIsDisplayed" classname="com.semrush.pages.CreateProjectTests" time="2.903"/>
  <testcase name="reportShouldContainsStatistic" classname="com.semrush.pages.AuditTests" time="17.09"/>
  <testcase name="afterMethod" classname="com.semrush.pages.AuditTests" time="21.573">
    <failure message="unknown error: Element is not clickable at point (1855, 285). Other element would receive the click: &lt;div class=&quot;pr-popupCenter-Row pr-confirm-delete&quot; data-reactid=&quot;.2.1.$275951.0.1.2.0.0&quot;&gt;...&lt;/div&gt;&#10;  (Session info: chrome=49.0.2623.110)&#10;  (Driver info: chromedriver=2.21.371459 (36d3d07f660ff2bc1bf28a75d1cdabed0983e7c4),platform=Windows NT 10.0 x86_64) (WARNING: The server did not provide any stacktrace information)&#10;Command duration or timeout: 28 milliseconds&#10;Build info: version: &apos;2.48.2&apos;, revision: &apos;41bccdd10cf2c0560f637404c2d96164b67d9d67&apos;, time: &apos;2015-10-09 13:08:06&apos;&#10;System info: host: &apos;DESKTOP-KT2J2VU&apos;, ip: &apos;192.168.0.14&apos;, os.name: &apos;Windows 10&apos;, os.arch: &apos;amd64&apos;, os.version: &apos;10.0&apos;, java.version: &apos;1.8.0_77&apos;&#10;Driver info: org.openqa.selenium.chrome.ChromeDriver&#10;Capabilities [{applicationCacheEnabled=false, rotatable=false, mobileEmulationEnabled=false, chrome={chromedriverVersion=2.21.371459 (36d3d07f660ff2bc1bf28a75d1cdabed0983e7c4), userDataDir=C:\Users\fier\AppData\Local\Temp\scoped_dir6860_1348}, takesHeapSnapshot=true, databaseEnabled=false, handlesAlerts=true, hasTouchScreen=false, version=49.0.2623.110, platform=XP, browserConnectionEnabled=false, nativeEvents=true, acceptSslCerts=true, locationContextEnabled=true, webStorageEnabled=true, browserName=chrome, takesScreenshot=true, javascriptEnabled=true, cssSelectorsEnabled=true}]&#10;Session ID: 106e1902a264221bfd9473547f04f3f8" type="org.openqa.selenium.WebDriverException"><![CDATA[org.openqa.selenium.WebDriverException: unknown error: Element is not clickable at point (1855, 285). Other element would receive the click: <div class="pr-popupCenter-Row pr-confirm-delete" data-reactid=".2.1.$275951.0.1.2.0.0">...</div>
  (Session info: chrome=49.0.2623.110)
  (Driver info: chromedriver=2.21.371459 (36d3d07f660ff2bc1bf28a75d1cdabed0983e7c4),platform=Windows NT 10.0 x86_64) (WARNING: The server did not provide any stacktrace information)
Command duration or timeout: 28 milliseconds
Build info: version: '2.48.2', revision: '41bccdd10cf2c0560f637404c2d96164b67d9d67', time: '2015-10-09 13:08:06'
System info: host: 'DESKTOP-KT2J2VU', ip: '192.168.0.14', os.name: 'Windows 10', os.arch: 'amd64', os.version: '10.0', java.version: '1.8.0_77'
Driver info: org.openqa.selenium.chrome.ChromeDriver
Capabilities [{applicationCacheEnabled=false, rotatable=false, mobileEmulationEnabled=false, chrome={chromedriverVersion=2.21.371459 (36d3d07f660ff2bc1bf28a75d1cdabed0983e7c4), userDataDir=C:\Users\fier\AppData\Local\Temp\scoped_dir6860_1348}, takesHeapSnapshot=true, databaseEnabled=false, handlesAlerts=true, hasTouchScreen=false, version=49.0.2623.110, platform=XP, browserConnectionEnabled=false, nativeEvents=true, acceptSslCerts=true, locationContextEnabled=true, webStorageEnabled=true, browserName=chrome, takesScreenshot=true, javascriptEnabled=true, cssSelectorsEnabled=true}]
Session ID: 106e1902a264221bfd9473547f04f3f8
	at sun.reflect.NativeConstructorAccessorImpl.newInstance0(Native Method)
	at sun.reflect.NativeConstructorAccessorImpl.newInstance(NativeConstructorAccessorImpl.java:62)
	at sun.reflect.DelegatingConstructorAccessorImpl.newInstance(DelegatingConstructorAccessorImpl.java:45)
	at java.lang.reflect.Constructor.newInstance(Constructor.java:423)
	at org.openqa.selenium.remote.ErrorHandler.createThrowable(ErrorHandler.java:206)
	at org.openqa.selenium.remote.ErrorHandler.throwIfResponseFailed(ErrorHandler.java:158)
	at org.openqa.selenium.remote.RemoteWebDriver.execute(RemoteWebDriver.java:647)
	at org.openqa.selenium.remote.RemoteWebElement.execute(RemoteWebElement.java:326)
	at org.openqa.selenium.remote.RemoteWebElement.click(RemoteWebElement.java:84)
	at sun.reflect.GeneratedMethodAccessor1.invoke(Unknown Source)
	at sun.reflect.DelegatingMethodAccessorImpl.invoke(DelegatingMethodAccessorImpl.java:43)
	at java.lang.reflect.Method.invoke(Method.java:498)
	at org.openqa.selenium.support.pagefactory.internal.LocatingElementHandler.invoke(LocatingElementHandler.java:51)
	at com.sun.proxy.$Proxy8.click(Unknown Source)
	at com.semrush.pages.ProjectsListPage.deleteProject(ProjectsListPage.java:65)
	at com.semrush.logic.ProjectsHelper.deleteProject(ProjectsHelper.java:22)
	at com.semrush.pages.AuditTests.afterMethod(AuditTests.java:29)
]]></failure>
  </testcase>
  <testcase name="afterMethod" classname="com.semrush.pages.AuditTests" time="0">
    <skipped/>
  </testcase>
  <testcase name="afterMethod" classname="com.semrush.pages.AuditTests" time="0">
    <skipped/>
  </testcase>
  <testcase name="afterMethod" classname="com.semrush.pages.AuditTests" time="0">
    <skipped/>
  </testcase>
  <testcase name="afterMethod" classname="com.semrush.pages.AuditTests" time="0">
    <skipped/>
  </testcase>
  <testcase name="beforeMethod" classname="com.semrush.pages.AuditTests" time="0">
    <skipped/>
  </testcase>
  <testcase name="beforeMethod" classname="com.semrush.pages.AuditTests" time="0">
    <skipped/>
  </testcase>
  <testcase name="beforeMethod" classname="com.semrush.pages.AuditTests" time="0">
    <skipped/>
  </testcase>
  <testcase name="beforeMethod" classname="com.semrush.pages.AuditTests" time="0">
    <skipped/>
  </testcase>
  <testcase name="setCustomPagesCrawled_shouldCrawlCustomNumberOfPages" classname="com.semrush.pages.AuditTests" time="0">
    <skipped/>
  </testcase>
  <testcase name="setMasksForDisallowAndRemoveParameters_shouldNotBePresentInReport" classname="com.semrush.pages.AuditTests" time="0">
    <skipped/>
  </testcase>
  <testcase name="setMasksForDisallowUrls_shouldNotBePresentInReport" classname="com.semrush.pages.AuditTests" time="0">
    <skipped/>
  </testcase>
  <testcase name="setRemoveParametersUrls_shouldNotBePresentInReport" classname="com.semrush.pages.AuditTests" time="0">
    <skipped/>
  </testcase>
  <testcase name="afterTest" classname="com.semrush.pages.AuditTests" time="0">
    <skipped/>
  </testcase>
</testsuite>