<?xml version="1.0" encoding="UTF-8"?>
<testng-results skipped="0" failed="0" total="9" passed="9">
  <reporter-output>
  </reporter-output>
  <suite name="Web Tests" duration-ms="346731" started-at="2016-04-04T12:09:34Z" finished-at="2016-04-04T12:15:20Z">
    <groups>
    </groups>
    <test name="Login tests" duration-ms="25891" started-at="2016-04-04T12:09:34Z" finished-at="2016-04-04T12:10:00Z">
      <class name="com.semrush.pages.LoginTests">
        <test-method status="PASS" signature="beforeTest()[pri:0, instance:com.semrush.pages.LoginTests@6cd8737]" name="beforeTest" is-config="true" duration-ms="1309" started-at="2016-04-04T15:09:34Z" finished-at="2016-04-04T15:09:35Z">
          <reporter-output>
          </reporter-output>
        </test-method> <!-- beforeTest -->
        <test-method status="PASS" signature="beforeMethod()[pri:0, instance:com.semrush.pages.LoginTests@6cd8737]" name="beforeMethod" is-config="true" duration-ms="11372" started-at="2016-04-04T15:09:35Z" finished-at="2016-04-04T15:09:46Z">
          <reporter-output>
          </reporter-output>
        </test-method> <!-- beforeMethod -->
        <test-method status="PASS" signature="correctEmailAndPassword_LoginSuccessful()[pri:0, instance:com.semrush.pages.LoginTests@6cd8737]" name="correctEmailAndPassword_LoginSuccessful" duration-ms="3037" started-at="2016-04-04T15:09:46Z" finished-at="2016-04-04T15:09:49Z">
          <reporter-output>
          </reporter-output>
        </test-method> <!-- correctEmailAndPassword_LoginSuccessful -->
        <test-method status="PASS" signature="afterMethod()[pri:0, instance:com.semrush.pages.LoginTests@6cd8737]" name="afterMethod" is-config="true" duration-ms="1901" started-at="2016-04-04T15:09:49Z" finished-at="2016-04-04T15:09:51Z">
          <reporter-output>
          </reporter-output>
        </test-method> <!-- afterMethod -->
        <test-method status="PASS" signature="beforeMethod()[pri:0, instance:com.semrush.pages.LoginTests@6cd8737]" name="beforeMethod" is-config="true" duration-ms="5917" started-at="2016-04-04T15:09:51Z" finished-at="2016-04-04T15:09:57Z">
          <reporter-output>
          </reporter-output>
        </test-method> <!-- beforeMethod -->
        <test-method status="PASS" signature="incorrectPassword_ErrorMessageIsDisplayed()[pri:0, instance:com.semrush.pages.LoginTests@6cd8737]" name="incorrectPassword_ErrorMessageIsDisplayed" duration-ms="1051" started-at="2016-04-04T15:09:57Z" finished-at="2016-04-04T15:09:58Z">
          <reporter-output>
          </reporter-output>
        </test-method> <!-- incorrectPassword_ErrorMessageIsDisplayed -->
        <test-method status="PASS" signature="afterMethod()[pri:0, instance:com.semrush.pages.LoginTests@6cd8737]" name="afterMethod" is-config="true" duration-ms="39" started-at="2016-04-04T15:09:58Z" finished-at="2016-04-04T15:09:58Z">
          <reporter-output>
          </reporter-output>
        </test-method> <!-- afterMethod -->
        <test-method status="PASS" signature="afterTest()[pri:0, instance:com.semrush.pages.LoginTests@6cd8737]" name="afterTest" is-config="true" duration-ms="1259" started-at="2016-04-04T15:09:58Z" finished-at="2016-04-04T15:10:00Z">
          <reporter-output>
          </reporter-output>
        </test-method> <!-- afterTest -->
      </class> <!-- com.semrush.pages.LoginTests -->
    </test> <!-- Login tests -->
    <test name="Create project tests" duration-ms="53738" started-at="2016-04-04T12:10:00Z" finished-at="2016-04-04T12:10:53Z">
      <class name="com.semrush.pages.CreateProjectTests">
        <test-method status="PASS" signature="beforeTest()[pri:0, instance:com.semrush.pages.CreateProjectTests@3f2a3a5]" name="beforeTest" is-config="true" duration-ms="1530" started-at="2016-04-04T15:10:00Z" finished-at="2016-04-04T15:10:01Z">
          <reporter-output>
          </reporter-output>
        </test-method> <!-- beforeTest -->
        <test-method status="PASS" signature="beforeClass()[pri:0, instance:com.semrush.pages.CreateProjectTests@3f2a3a5]" name="beforeClass" is-config="true" duration-ms="7436" started-at="2016-04-04T15:10:01Z" finished-at="2016-04-04T15:10:09Z">
          <reporter-output>
          </reporter-output>
        </test-method> <!-- beforeClass -->
        <test-method status="PASS" signature="correctProjectName_ProjectHasCreated()[pri:0, instance:com.semrush.pages.CreateProjectTests@3f2a3a5]" name="correctProjectName_ProjectHasCreated" duration-ms="5389" started-at="2016-04-04T15:10:09Z" finished-at="2016-04-04T15:10:14Z">
          <reporter-output>
          </reporter-output>
        </test-method> <!-- correctProjectName_ProjectHasCreated -->
        <test-method status="PASS" signature="afterMethod()[pri:0, instance:com.semrush.pages.CreateProjectTests@3f2a3a5]" name="afterMethod" is-config="true" duration-ms="3523" started-at="2016-04-04T15:10:14Z" finished-at="2016-04-04T15:10:17Z">
          <reporter-output>
          </reporter-output>
        </test-method> <!-- afterMethod -->
        <test-method status="PASS" signature="incorrectProjectDomain_ErrorMessageIsDisplayed()[pri:0, instance:com.semrush.pages.CreateProjectTests@3f2a3a5]" name="incorrectProjectDomain_ErrorMessageIsDisplayed" duration-ms="2625" started-at="2016-04-04T15:10:17Z" finished-at="2016-04-04T15:10:20Z">
          <reporter-output>
          </reporter-output>
        </test-method> <!-- incorrectProjectDomain_ErrorMessageIsDisplayed -->
        <test-method status="PASS" signature="afterMethod()[pri:0, instance:com.semrush.pages.CreateProjectTests@3f2a3a5]" name="afterMethod" is-config="true" duration-ms="32051" started-at="2016-04-04T15:10:20Z" finished-at="2016-04-04T15:10:52Z">
          <reporter-output>
          </reporter-output>
        </test-method> <!-- afterMethod -->
        <test-method status="PASS" signature="afterTest()[pri:0, instance:com.semrush.pages.CreateProjectTests@3f2a3a5]" name="afterTest" is-config="true" duration-ms="1182" started-at="2016-04-04T15:10:52Z" finished-at="2016-04-04T15:10:53Z">
          <reporter-output>
          </reporter-output>
        </test-method> <!-- afterTest -->
      </class> <!-- com.semrush.pages.CreateProjectTests -->
    </test> <!-- Create project tests -->
    <test name="Audit tests" duration-ms="267065" started-at="2016-04-04T12:10:53Z" finished-at="2016-04-04T12:15:20Z">
      <class name="com.semrush.pages.AuditTests">
        <test-method status="PASS" signature="beforeTest()[pri:0, instance:com.semrush.pages.AuditTests@327471b5]" name="beforeTest" is-config="true" duration-ms="1552" started-at="2016-04-04T15:10:53Z" finished-at="2016-04-04T15:10:55Z">
          <reporter-output>
          </reporter-output>
        </test-method> <!-- beforeTest -->
        <test-method status="PASS" signature="beforeClass()[pri:0, instance:com.semrush.pages.AuditTests@327471b5]" name="beforeClass" is-config="true" duration-ms="7302" started-at="2016-04-04T15:10:55Z" finished-at="2016-04-04T15:11:02Z">
          <reporter-output>
          </reporter-output>
        </test-method> <!-- beforeClass -->
        <test-method status="PASS" signature="beforeMethod()[pri:0, instance:com.semrush.pages.AuditTests@327471b5]" name="beforeMethod" is-config="true" duration-ms="2494" started-at="2016-04-04T15:11:02Z" finished-at="2016-04-04T15:11:05Z">
          <reporter-output>
          </reporter-output>
        </test-method> <!-- beforeMethod -->
        <test-method status="PASS" signature="reportShouldContainsStatistic()[pri:0, instance:com.semrush.pages.AuditTests@327471b5]" name="reportShouldContainsStatistic" duration-ms="15782" started-at="2016-04-04T15:11:05Z" finished-at="2016-04-04T15:11:20Z">
          <reporter-output>
          </reporter-output>
        </test-method> <!-- reportShouldContainsStatistic -->
        <test-method status="PASS" signature="afterMethod()[pri:0, instance:com.semrush.pages.AuditTests@327471b5]" name="afterMethod" is-config="true" duration-ms="3018" started-at="2016-04-04T15:11:20Z" finished-at="2016-04-04T15:11:24Z">
          <reporter-output>
          </reporter-output>
        </test-method> <!-- afterMethod -->
        <test-method status="PASS" signature="beforeMethod()[pri:0, instance:com.semrush.pages.AuditTests@327471b5]" name="beforeMethod" is-config="true" duration-ms="2784" started-at="2016-04-04T15:11:24Z" finished-at="2016-04-04T15:11:26Z">
          <reporter-output>
          </reporter-output>
        </test-method> <!-- beforeMethod -->
        <test-method status="PASS" signature="setCustomPagesCrawled_shouldCrawlCustomNumberOfPages()[pri:0, instance:com.semrush.pages.AuditTests@327471b5]" name="setCustomPagesCrawled_shouldCrawlCustomNumberOfPages" duration-ms="13657" started-at="2016-04-04T15:11:26Z" finished-at="2016-04-04T15:11:40Z">
          <reporter-output>
          </reporter-output>
        </test-method> <!-- setCustomPagesCrawled_shouldCrawlCustomNumberOfPages -->
        <test-method status="PASS" signature="afterMethod()[pri:0, instance:com.semrush.pages.AuditTests@327471b5]" name="afterMethod" is-config="true" duration-ms="3022" started-at="2016-04-04T15:11:40Z" finished-at="2016-04-04T15:11:43Z">
          <reporter-output>
          </reporter-output>
        </test-method> <!-- afterMethod -->
        <test-method status="PASS" signature="beforeMethod()[pri:0, instance:com.semrush.pages.AuditTests@327471b5]" name="beforeMethod" is-config="true" duration-ms="3443" started-at="2016-04-04T15:11:43Z" finished-at="2016-04-04T15:11:46Z">
          <reporter-output>
          </reporter-output>
        </test-method> <!-- beforeMethod -->
        <test-method status="PASS" signature="setMasksForDisallowAndRemoveParameters_shouldNotBePresentInReport()[pri:0, instance:com.semrush.pages.AuditTests@327471b5]" name="setMasksForDisallowAndRemoveParameters_shouldNotBePresentInReport" duration-ms="77419" started-at="2016-04-04T15:11:46Z" finished-at="2016-04-04T15:13:04Z">
          <reporter-output>
          </reporter-output>
        </test-method> <!-- setMasksForDisallowAndRemoveParameters_shouldNotBePresentInReport -->
        <test-method status="PASS" signature="afterMethod()[pri:0, instance:com.semrush.pages.AuditTests@327471b5]" name="afterMethod" is-config="true" duration-ms="10028" started-at="2016-04-04T15:13:04Z" finished-at="2016-04-04T15:13:14Z">
          <reporter-output>
          </reporter-output>
        </test-method> <!-- afterMethod -->
        <test-method status="PASS" signature="beforeMethod()[pri:0, instance:com.semrush.pages.AuditTests@327471b5]" name="beforeMethod" is-config="true" duration-ms="2854" started-at="2016-04-04T15:13:14Z" finished-at="2016-04-04T15:13:17Z">
          <reporter-output>
          </reporter-output>
        </test-method> <!-- beforeMethod -->
        <test-method status="PASS" signature="setMasksForDisallowUrls_shouldNotBePresentInReport()[pri:0, instance:com.semrush.pages.AuditTests@327471b5]" name="setMasksForDisallowUrls_shouldNotBePresentInReport" duration-ms="65273" started-at="2016-04-04T15:13:17Z" finished-at="2016-04-04T15:14:22Z">
          <reporter-output>
          </reporter-output>
        </test-method> <!-- setMasksForDisallowUrls_shouldNotBePresentInReport -->
        <test-method status="PASS" signature="afterMethod()[pri:0, instance:com.semrush.pages.AuditTests@327471b5]" name="afterMethod" is-config="true" duration-ms="3669" started-at="2016-04-04T15:14:22Z" finished-at="2016-04-04T15:14:26Z">
          <reporter-output>
          </reporter-output>
        </test-method> <!-- afterMethod -->
        <test-method status="PASS" signature="beforeMethod()[pri:0, instance:com.semrush.pages.AuditTests@327471b5]" name="beforeMethod" is-config="true" duration-ms="2611" started-at="2016-04-04T15:14:26Z" finished-at="2016-04-04T15:14:28Z">
          <reporter-output>
          </reporter-output>
        </test-method> <!-- beforeMethod -->
        <test-method status="PASS" signature="setRemoveParametersUrls_shouldNotBePresentInReport()[pri:0, instance:com.semrush.pages.AuditTests@327471b5]" name="setRemoveParametersUrls_shouldNotBePresentInReport" duration-ms="47348" started-at="2016-04-04T15:14:28Z" finished-at="2016-04-04T15:15:16Z">
          <reporter-output>
          </reporter-output>
        </test-method> <!-- setRemoveParametersUrls_shouldNotBePresentInReport -->
        <test-method status="PASS" signature="afterMethod()[pri:0, instance:com.semrush.pages.AuditTests@327471b5]" name="afterMethod" is-config="true" duration-ms="3593" started-at="2016-04-04T15:15:16Z" finished-at="2016-04-04T15:15:19Z">
          <reporter-output>
          </reporter-output>
        </test-method> <!-- afterMethod -->
        <test-method status="PASS" signature="afterTest()[pri:0, instance:com.semrush.pages.AuditTests@327471b5]" name="afterTest" is-config="true" duration-ms="1214" started-at="2016-04-04T15:15:19Z" finished-at="2016-04-04T15:15:20Z">
          <reporter-output>
          </reporter-output>
        </test-method> <!-- afterTest -->
      </class> <!-- com.semrush.pages.AuditTests -->
    </test> <!-- Audit tests -->
  </suite> <!-- Web Tests -->
</testng-results>
